<?xml version="1.0" encoding="UTF-8"?>
<!-- Generated by org.testng.reporters.JUnitXMLReporter -->
<testsuite ignored="2" hostname="4382.local" failures="0" tests="1" name="Surefire test" time="9.246" errors="0" timestamp="2023-06-14T15:29:40 EEST">
  <testcase classname="OpenGooglePage" name="firstTest" time="5.991"/>
  <testcase classname="TestBase" name="@AfterTest tearDown" time="0.0">
    <ignored/>
  </testcase> <!-- @AfterTest tearDown -->
  <testcase classname="TestBase" name="@BeforeTest setUp" time="0.0">
    <ignored/>
  </testcase> <!-- @BeforeTest setUp -->
</testsuite> <!-- Surefire test -->
