<?xml version="1.0" encoding="UTF-8"?>
<testng-results ignored="2" total="3" passed="1" failed="0" skipped="0">
  <reporter-output>
  </reporter-output>
  <suite started-at="2023-06-14T15:29:30 EEST" name="Surefire suite" finished-at="2023-06-14T15:29:40 EEST" duration-ms="9246">
    <groups>
    </groups>
    <test started-at="2023-06-14T15:29:30 EEST" name="Surefire test" finished-at="2023-06-14T15:29:40 EEST" duration-ms="9246">
      <class name="TestClass">
        <test-method is-config="true" signature="setUp()[pri:0, instance:TestClass@5aebe890]" started-at="2023-06-14T15:29:30 EEST" name="setUp" finished-at="2023-06-14T15:29:33 EEST" duration-ms="3028" status="PASS">
          <reporter-output>
          </reporter-output>
        </test-method> <!-- setUp -->
        <test-method signature="firstTest()[pri:0, instance:TestClass@5aebe890]" started-at="2023-06-14T15:29:33 EEST" name="firstTest" finished-at="2023-06-14T15:29:39 EEST" duration-ms="5991" status="PASS">
          <reporter-output>
          </reporter-output>
        </test-method> <!-- firstTest -->
        <test-method is-config="true" signature="tearDown()[pri:0, instance:TestClass@5aebe890]" started-at="2023-06-14T15:29:39 EEST" name="tearDown" finished-at="2023-06-14T15:29:40 EEST" duration-ms="129" status="PASS">
          <reporter-output>
          </reporter-output>
        </test-method> <!-- tearDown -->
      </class> <!-- TestClass -->
    </test> <!-- Surefire test -->
  </suite> <!-- Surefire suite -->
</testng-results>
