<?xml version="1.0" encoding="UTF-8"?>
<!-- Generated by org.testng.reporters.JUnitXMLReporter -->
<testsuite ignored="2" hostname="4382.local" failures="0" tests="1" name="Command line test" time="3.902" errors="0" timestamp="2023-06-08T17:47:30 EEST">
  <testcase classname="OpenGooglePage" name="firstTest" time="0.897"/>
  <testcase classname="TestBase" name="@AfterTest tearDown" time="0.0">
    <ignored/>
  </testcase> <!-- @AfterTest tearDown -->
  <testcase classname="TestBase" name="@BeforeTest setUp" time="0.0">
    <ignored/>
  </testcase> <!-- @BeforeTest setUp -->
</testsuite> <!-- Command line test -->
